2018-04-15 16:35:24,097 Starting new HTTP connection (1): sou.zhaopin.com
2018-04-15 16:35:24,511 http://sou.zhaopin.com:80 "GET /jobs/searchresult.ashx?jl=%E5%8C%97%E4%BA%AC&kw=%E6%95%B0%E6%8D%AE%E5%88%86%E6%9E%90 HTTP/1.1" 200 None
2018-04-15 16:35:24,633 []
2018-04-15 16:35:24,636 Starting new HTTP connection (1): sou.zhaopin.com
2018-04-15 16:35:24,989 http://sou.zhaopin.com:80 "GET /jobs/searchresult.ashx?jl=%E4%B8%8A%E6%B5%B7&kw=%E6%95%B0%E6%8D%AE%E5%88%86%E6%9E%90 HTTP/1.1" 200 None
2018-04-15 16:35:25,106 []
2018-04-15 16:35:25,110 Starting new HTTP connection (1): sou.zhaopin.com
2018-04-15 16:35:25,850 http://sou.zhaopin.com:80 "GET /jobs/searchresult.ashx?jl=%E5%B9%BF%E5%B7%9E&kw=%E6%95%B0%E6%8D%AE%E5%88%86%E6%9E%90 HTTP/1.1" 200 None
2018-04-15 16:35:25,965 []
2018-04-15 16:35:25,968 Starting new HTTP connection (1): sou.zhaopin.com
2018-04-15 16:35:26,218 http://sou.zhaopin.com:80 "GET /jobs/searchresult.ashx?jl=%E6%B7%B1%E5%9C%B3&kw=%E6%95%B0%E6%8D%AE%E5%88%86%E6%9E%90 HTTP/1.1" 200 None
2018-04-15 16:35:26,327 []
2018-04-15 16:35:26,330 Starting new HTTP connection (1): sou.zhaopin.com
2018-04-15 16:35:26,556 http://sou.zhaopin.com:80 "GET /jobs/searchresult.ashx?jl=%E5%A4%A9%E6%B4%A5&kw=%E6%95%B0%E6%8D%AE%E5%88%86%E6%9E%90 HTTP/1.1" 200 None
2018-04-15 16:35:26,657 []
2018-04-15 16:35:26,660 Starting new HTTP connection (1): sou.zhaopin.com
2018-04-15 16:35:26,887 http://sou.zhaopin.com:80 "GET /jobs/searchresult.ashx?jl=%E6%AD%A6%E6%B1%89&kw=%E6%95%B0%E6%8D%AE%E5%88%86%E6%9E%90 HTTP/1.1" 200 None
2018-04-15 16:35:26,981 []
2018-04-15 16:35:26,984 Starting new HTTP connection (1): sou.zhaopin.com
2018-04-15 16:35:27,210 http://sou.zhaopin.com:80 "GET /jobs/searchresult.ashx?jl=%E8%A5%BF%E5%AE%89&kw=%E6%95%B0%E6%8D%AE%E5%88%86%E6%9E%90 HTTP/1.1" 200 None
2018-04-15 16:35:27,308 []
2018-04-15 16:35:27,310 Starting new HTTP connection (1): sou.zhaopin.com
2018-04-15 16:35:27,507 http://sou.zhaopin.com:80 "GET /jobs/searchresult.ashx?jl=%E6%88%90%E9%83%BD&kw=%E6%95%B0%E6%8D%AE%E5%88%86%E6%9E%90 HTTP/1.1" 200 None
2018-04-15 16:35:27,597 []
2018-04-15 16:35:27,601 Starting new HTTP connection (1): sou.zhaopin.com
2018-04-15 16:35:27,843 http://sou.zhaopin.com:80 "GET /jobs/searchresult.ashx?jl=%E5%A4%A7%E8%BF%9E&kw=%E6%95%B0%E6%8D%AE%E5%88%86%E6%9E%90 HTTP/1.1" 200 None
2018-04-15 16:35:27,954 []
2018-04-15 16:35:27,957 Starting new HTTP connection (1): sou.zhaopin.com
2018-04-15 16:35:28,153 http://sou.zhaopin.com:80 "GET /jobs/searchresult.ashx?jl=%E9%95%BF%E6%98%A5&kw=%E6%95%B0%E6%8D%AE%E5%88%86%E6%9E%90 HTTP/1.1" 200 None
2018-04-15 16:35:28,248 []
2018-04-15 16:35:28,251 Starting new HTTP connection (1): sou.zhaopin.com
2018-04-15 16:35:28,468 http://sou.zhaopin.com:80 "GET /jobs/searchresult.ashx?jl=%E6%B2%88%E9%98%B3&kw=%E6%95%B0%E6%8D%AE%E5%88%86%E6%9E%90 HTTP/1.1" 200 None
2018-04-15 16:35:28,590 []
2018-04-15 16:35:28,593 Starting new HTTP connection (1): sou.zhaopin.com
2018-04-15 16:35:28,812 http://sou.zhaopin.com:80 "GET /jobs/searchresult.ashx?jl=%E5%8D%97%E4%BA%AC&kw=%E6%95%B0%E6%8D%AE%E5%88%86%E6%9E%90 HTTP/1.1" 200 None
2018-04-15 16:35:28,902 []
2018-04-15 16:35:28,904 Starting new HTTP connection (1): sou.zhaopin.com
2018-04-15 16:35:29,168 http://sou.zhaopin.com:80 "GET /jobs/searchresult.ashx?jl=%E6%B5%8E%E5%8D%97&kw=%E6%95%B0%E6%8D%AE%E5%88%86%E6%9E%90 HTTP/1.1" 200 None
2018-04-15 16:35:29,291 []
2018-04-15 16:35:29,295 Starting new HTTP connection (1): sou.zhaopin.com
2018-04-15 16:35:29,464 http://sou.zhaopin.com:80 "GET /jobs/searchresult.ashx?jl=%E9%9D%92%E5%B2%9B&kw=%E6%95%B0%E6%8D%AE%E5%88%86%E6%9E%90 HTTP/1.1" 200 None
2018-04-15 16:35:29,570 []
2018-04-15 16:35:29,572 Starting new HTTP connection (1): sou.zhaopin.com
2018-04-15 16:35:29,772 http://sou.zhaopin.com:80 "GET /jobs/searchresult.ashx?jl=%E6%9D%AD%E5%B7%9E&kw=%E6%95%B0%E6%8D%AE%E5%88%86%E6%9E%90 HTTP/1.1" 200 None
2018-04-15 16:35:29,886 []
2018-04-15 16:35:29,889 Starting new HTTP connection (1): sou.zhaopin.com
2018-04-15 16:35:30,060 http://sou.zhaopin.com:80 "GET /jobs/searchresult.ashx?jl=%E8%8B%8F%E5%B7%9E&kw=%E6%95%B0%E6%8D%AE%E5%88%86%E6%9E%90 HTTP/1.1" 200 None
2018-04-15 16:35:30,146 []
2018-04-15 16:35:30,149 Starting new HTTP connection (1): sou.zhaopin.com
2018-04-15 16:35:30,380 http://sou.zhaopin.com:80 "GET /jobs/searchresult.ashx?jl=%E6%97%A0%E9%94%A1&kw=%E6%95%B0%E6%8D%AE%E5%88%86%E6%9E%90 HTTP/1.1" 200 None
2018-04-15 16:35:30,486 []
2018-04-15 16:35:30,490 Starting new HTTP connection (1): sou.zhaopin.com
2018-04-15 16:35:30,692 http://sou.zhaopin.com:80 "GET /jobs/searchresult.ashx?jl=%E5%AE%81%E6%B3%A2&kw=%E6%95%B0%E6%8D%AE%E5%88%86%E6%9E%90 HTTP/1.1" 200 None
2018-04-15 16:35:30,787 []
2018-04-15 16:35:30,790 Starting new HTTP connection (1): sou.zhaopin.com
2018-04-15 16:35:31,008 http://sou.zhaopin.com:80 "GET /jobs/searchresult.ashx?jl=%E9%87%8D%E5%BA%86&kw=%E6%95%B0%E6%8D%AE%E5%88%86%E6%9E%90 HTTP/1.1" 200 None
2018-04-15 16:35:31,099 []
2018-04-15 16:35:31,102 Starting new HTTP connection (1): sou.zhaopin.com
2018-04-15 16:35:31,322 http://sou.zhaopin.com:80 "GET /jobs/searchresult.ashx?jl=%E9%83%91%E5%B7%9E&kw=%E6%95%B0%E6%8D%AE%E5%88%86%E6%9E%90 HTTP/1.1" 200 None
2018-04-15 16:35:31,400 []
2018-04-15 16:35:31,405 Starting new HTTP connection (1): sou.zhaopin.com
2018-04-15 16:35:31,644 http://sou.zhaopin.com:80 "GET /jobs/searchresult.ashx?jl=%E9%95%BF%E6%B2%99&kw=%E6%95%B0%E6%8D%AE%E5%88%86%E6%9E%90 HTTP/1.1" 200 None
2018-04-15 16:35:31,755 []
2018-04-15 16:35:31,758 Starting new HTTP connection (1): sou.zhaopin.com
2018-04-15 16:35:31,983 http://sou.zhaopin.com:80 "GET /jobs/searchresult.ashx?jl=%E7%A6%8F%E5%B7%9E&kw=%E6%95%B0%E6%8D%AE%E5%88%86%E6%9E%90 HTTP/1.1" 200 None
2018-04-15 16:35:32,071 []
2018-04-15 16:35:32,073 Starting new HTTP connection (1): sou.zhaopin.com
2018-04-15 16:35:32,262 http://sou.zhaopin.com:80 "GET /jobs/searchresult.ashx?jl=%E5%8E%A6%E9%97%A8&kw=%E6%95%B0%E6%8D%AE%E5%88%86%E6%9E%90 HTTP/1.1" 200 None
2018-04-15 16:35:32,371 []
2018-04-15 16:35:32,373 Starting new HTTP connection (1): sou.zhaopin.com
2018-04-15 16:35:32,583 http://sou.zhaopin.com:80 "GET /jobs/searchresult.ashx?jl=%E5%93%88%E5%B0%94%E6%BB%A8&kw=%E6%95%B0%E6%8D%AE%E5%88%86%E6%9E%90 HTTP/1.1" 200 None
2018-04-15 16:35:32,678 []
2018-04-15 16:35:32,680 Starting new HTTP connection (1): sou.zhaopin.com
2018-04-15 16:35:32,930 http://sou.zhaopin.com:80 "GET /jobs/searchresult.ashx?jl=%E7%9F%B3%E5%AE%B6%E5%BA%84&kw=%E6%95%B0%E6%8D%AE%E5%88%86%E6%9E%90 HTTP/1.1" 200 None
2018-04-15 16:35:33,037 []
2018-04-15 16:35:33,040 Starting new HTTP connection (1): sou.zhaopin.com
2018-04-15 16:35:33,276 http://sou.zhaopin.com:80 "GET /jobs/searchresult.ashx?jl=%E5%90%88%E8%82%A5&kw=%E6%95%B0%E6%8D%AE%E5%88%86%E6%9E%90 HTTP/1.1" 200 None
2018-04-15 16:35:33,395 []
2018-04-15 16:35:33,398 Starting new HTTP connection (1): sou.zhaopin.com
2018-04-15 16:35:33,584 http://sou.zhaopin.com:80 "GET /jobs/searchresult.ashx?jl=%E6%83%A0%E5%B7%9E&kw=%E6%95%B0%E6%8D%AE%E5%88%86%E6%9E%90 HTTP/1.1" 200 None
2018-04-15 16:35:33,666 []
2018-04-15 16:35:33,669 Starting new HTTP connection (1): sou.zhaopin.com
2018-04-15 16:35:33,811 http://sou.zhaopin.com:80 "GET /jobs/searchresult.ashx?jl=%E5%8C%97%E4%BA%AC&kw=php HTTP/1.1" 200 None
2018-04-15 16:35:33,927 []
2018-04-15 16:35:33,930 Starting new HTTP connection (1): sou.zhaopin.com
2018-04-15 16:35:34,075 http://sou.zhaopin.com:80 "GET /jobs/searchresult.ashx?jl=%E4%B8%8A%E6%B5%B7&kw=php HTTP/1.1" 200 None
2018-04-15 16:35:34,180 []
2018-04-15 16:35:34,183 Starting new HTTP connection (1): sou.zhaopin.com
2018-04-15 16:35:34,348 http://sou.zhaopin.com:80 "GET /jobs/searchresult.ashx?jl=%E5%B9%BF%E5%B7%9E&kw=php HTTP/1.1" 200 None
2018-04-15 16:35:34,445 []
2018-04-15 16:35:34,447 Starting new HTTP connection (1): sou.zhaopin.com
2018-04-15 16:35:34,605 http://sou.zhaopin.com:80 "GET /jobs/searchresult.ashx?jl=%E6%B7%B1%E5%9C%B3&kw=php HTTP/1.1" 200 None
2018-04-15 16:35:34,704 []
2018-04-15 16:35:34,707 Starting new HTTP connection (1): sou.zhaopin.com
2018-04-15 16:35:34,871 http://sou.zhaopin.com:80 "GET /jobs/searchresult.ashx?jl=%E5%A4%A9%E6%B4%A5&kw=php HTTP/1.1" 200 None
2018-04-15 16:35:34,958 []
2018-04-15 16:35:34,960 Starting new HTTP connection (1): sou.zhaopin.com
2018-04-15 16:35:35,120 http://sou.zhaopin.com:80 "GET /jobs/searchresult.ashx?jl=%E6%AD%A6%E6%B1%89&kw=php HTTP/1.1" 200 None
2018-04-15 16:35:35,204 []
2018-04-15 16:35:35,207 Starting new HTTP connection (1): sou.zhaopin.com
2018-04-15 16:35:35,344 http://sou.zhaopin.com:80 "GET /jobs/searchresult.ashx?jl=%E8%A5%BF%E5%AE%89&kw=php HTTP/1.1" 200 None
2018-04-15 16:35:35,446 []
2018-04-15 16:35:35,449 Starting new HTTP connection (1): sou.zhaopin.com
2018-04-15 16:35:35,632 http://sou.zhaopin.com:80 "GET /jobs/searchresult.ashx?jl=%E6%88%90%E9%83%BD&kw=php HTTP/1.1" 200 None
2018-04-15 16:35:35,722 []
2018-04-15 16:35:35,724 Starting new HTTP connection (1): sou.zhaopin.com
2018-04-15 16:35:35,902 http://sou.zhaopin.com:80 "GET /jobs/searchresult.ashx?jl=%E5%A4%A7%E8%BF%9E&kw=php HTTP/1.1" 200 None
2018-04-15 16:35:36,005 []
2018-04-15 16:35:36,008 Starting new HTTP connection (1): sou.zhaopin.com
2018-04-15 16:35:36,163 http://sou.zhaopin.com:80 "GET /jobs/searchresult.ashx?jl=%E9%95%BF%E6%98%A5&kw=php HTTP/1.1" 200 None
2018-04-15 16:35:36,265 []
2018-04-15 16:35:36,268 Starting new HTTP connection (1): sou.zhaopin.com
2018-04-15 16:35:36,423 http://sou.zhaopin.com:80 "GET /jobs/searchresult.ashx?jl=%E6%B2%88%E9%98%B3&kw=php HTTP/1.1" 200 None
2018-04-15 16:35:36,534 []
2018-04-15 16:35:36,537 Starting new HTTP connection (1): sou.zhaopin.com
2018-04-15 16:35:36,693 http://sou.zhaopin.com:80 "GET /jobs/searchresult.ashx?jl=%E5%8D%97%E4%BA%AC&kw=php HTTP/1.1" 200 None
2018-04-15 16:35:36,776 []
2018-04-15 16:35:36,779 Starting new HTTP connection (1): sou.zhaopin.com
2018-04-15 16:35:36,949 http://sou.zhaopin.com:80 "GET /jobs/searchresult.ashx?jl=%E6%B5%8E%E5%8D%97&kw=php HTTP/1.1" 200 None
2018-04-15 16:35:37,051 []
2018-04-15 16:35:37,054 Starting new HTTP connection (1): sou.zhaopin.com
2018-04-15 16:35:37,218 http://sou.zhaopin.com:80 "GET /jobs/searchresult.ashx?jl=%E9%9D%92%E5%B2%9B&kw=php HTTP/1.1" 200 None
2018-04-15 16:35:37,339 []
2018-04-15 16:35:37,341 Starting new HTTP connection (1): sou.zhaopin.com
2018-04-15 16:35:37,505 http://sou.zhaopin.com:80 "GET /jobs/searchresult.ashx?jl=%E6%9D%AD%E5%B7%9E&kw=php HTTP/1.1" 200 None
2018-04-15 16:35:37,605 []
2018-04-15 16:35:37,607 Starting new HTTP connection (1): sou.zhaopin.com
2018-04-15 16:35:37,756 http://sou.zhaopin.com:80 "GET /jobs/searchresult.ashx?jl=%E8%8B%8F%E5%B7%9E&kw=php HTTP/1.1" 200 None
2018-04-15 16:35:37,853 []
2018-04-15 16:35:37,856 Starting new HTTP connection (1): sou.zhaopin.com
2018-04-15 16:35:37,994 http://sou.zhaopin.com:80 "GET /jobs/searchresult.ashx?jl=%E6%97%A0%E9%94%A1&kw=php HTTP/1.1" 200 None
2018-04-15 16:35:38,092 []
2018-04-15 16:35:38,097 Starting new HTTP connection (1): sou.zhaopin.com
2018-04-15 16:35:38,302 http://sou.zhaopin.com:80 "GET /jobs/searchresult.ashx?jl=%E5%AE%81%E6%B3%A2&kw=php HTTP/1.1" 200 None
2018-04-15 16:35:38,419 []
2018-04-15 16:35:38,422 Starting new HTTP connection (1): sou.zhaopin.com
2018-04-15 16:35:38,577 http://sou.zhaopin.com:80 "GET /jobs/searchresult.ashx?jl=%E9%87%8D%E5%BA%86&kw=php HTTP/1.1" 200 None
2018-04-15 16:35:38,715 []
2018-04-15 16:35:38,718 Starting new HTTP connection (1): sou.zhaopin.com
2018-04-15 16:35:38,877 http://sou.zhaopin.com:80 "GET /jobs/searchresult.ashx?jl=%E9%83%91%E5%B7%9E&kw=php HTTP/1.1" 200 None
2018-04-15 16:35:39,004 []
2018-04-15 16:35:39,007 Starting new HTTP connection (1): sou.zhaopin.com
2018-04-15 16:35:39,128 http://sou.zhaopin.com:80 "GET /jobs/searchresult.ashx?jl=%E9%95%BF%E6%B2%99&kw=php HTTP/1.1" 200 None
2018-04-15 16:35:39,223 []
2018-04-15 16:35:39,228 Starting new HTTP connection (1): sou.zhaopin.com
